<?xml version="1.0" encoding="UTF-8"?>
<!-- Generated by org.testng.reporters.JUnitReportReporter -->
<testsuite hostname="FLPUNDL9CB271" name="com.owner.FindOwnerTest" tests="1" failures="0" timestamp="29 Mar 2018 04:26:21 GMT" time="15.866" errors="0">
  <testcase name="AddOwner" time="15.866" classname="com.owner.FindOwnerTest"/>
</testsuite> <!-- com.owner.FindOwnerTest -->
