<?xml version="1.0" encoding="UTF-8"?>
<!-- Generated by org.testng.reporters.JUnitReportReporter -->
<testsuite hostname="FLPUNDL9CB271" name="com.owner.FindOwnerTest" tests="1" failures="0" timestamp="28 Mar 2018 09:08:14 GMT" time="8.732" errors="0">
  <testcase name="AddOwner" time="8.732" classname="com.owner.FindOwnerTest"/>
</testsuite> <!-- com.owner.FindOwnerTest -->
