<?xml version="1.0" encoding="UTF-8"?>
<!-- Generated by org.testng.reporters.JUnitReportReporter -->
<testsuite hostname="FLPUNDL9CB271" name="com.owner.FindOwnerTest" tests="1" failures="0" timestamp="23 Mar 2018 11:38:36 GMT" time="9.050" errors="0">
  <testcase name="AddOwner" time="9.050" classname="com.owner.FindOwnerTest"/>
</testsuite> <!-- com.owner.FindOwnerTest -->
